2025-02-19T06:59:54.199-05:00  INFO 73254 --- [TaskManagerAPIThymeleaf] [restartedMain] c.taskmanager.TaskManagerApiApplication  : Starting TaskManagerApiApplication using Java 21.0.6 with PID 73254 (/home/mranderson8418/Documents/GitHub/TaskManagerAPI-Thymeleaf/target/classes started by mranderson8418 in /home/mranderson8418/Documents/GitHub/TaskManagerAPI-Thymeleaf)
2025-02-19T06:59:54.202-05:00  INFO 73254 --- [TaskManagerAPIThymeleaf] [restartedMain] c.taskmanager.TaskManagerApiApplication  : No active profile set, falling back to 1 default profile: "default"
2025-02-19T06:59:54.251-05:00  INFO 73254 --- [TaskManagerAPIThymeleaf] [restartedMain] .e.DevToolsPropertyDefaultsPostProcessor : Devtools property defaults active! Set 'spring.devtools.add-properties' to 'false' to disable
2025-02-19T06:59:54.251-05:00  INFO 73254 --- [TaskManagerAPIThymeleaf] [restartedMain] .e.DevToolsPropertyDefaultsPostProcessor : For additional web related logging consider setting the 'logging.level.web' property to 'DEBUG'
2025-02-19T06:59:54.962-05:00  INFO 73254 --- [TaskManagerAPIThymeleaf] [restartedMain] .s.d.r.c.RepositoryConfigurationDelegate : Bootstrapping Spring Data JPA repositories in DEFAULT mode.
2025-02-19T06:59:55.017-05:00  INFO 73254 --- [TaskManagerAPIThymeleaf] [restartedMain] .s.d.r.c.RepositoryConfigurationDelegate : Finished Spring Data repository scanning in 47 ms. Found 2 JPA repository interfaces.
2025-02-19T06:59:55.533-05:00  INFO 73254 --- [TaskManagerAPIThymeleaf] [restartedMain] o.s.b.w.embedded.tomcat.TomcatWebServer  : Tomcat initialized with port 8080 (http)
2025-02-19T06:59:55.551-05:00  INFO 73254 --- [TaskManagerAPIThymeleaf] [restartedMain] o.apache.catalina.core.StandardService   : Starting service [Tomcat]
2025-02-19T06:59:55.551-05:00  INFO 73254 --- [TaskManagerAPIThymeleaf] [restartedMain] o.apache.catalina.core.StandardEngine    : Starting Servlet engine: [Apache Tomcat/10.1.34]
2025-02-19T06:59:55.596-05:00  INFO 73254 --- [TaskManagerAPIThymeleaf] [restartedMain] o.a.c.c.C.[Tomcat].[localhost].[/]       : Initializing Spring embedded WebApplicationContext
2025-02-19T06:59:55.596-05:00  INFO 73254 --- [TaskManagerAPIThymeleaf] [restartedMain] w.s.c.ServletWebServerApplicationContext : Root WebApplicationContext: initialization completed in 1344 ms
2025-02-19T06:59:55.732-05:00  INFO 73254 --- [TaskManagerAPIThymeleaf] [restartedMain] o.hibernate.jpa.internal.util.LogHelper  : HHH000204: Processing PersistenceUnitInfo [name: default]
2025-02-19T06:59:55.777-05:00  INFO 73254 --- [TaskManagerAPIThymeleaf] [restartedMain] org.hibernate.Version                    : HHH000412: Hibernate ORM core version 6.6.5.Final
2025-02-19T06:59:55.806-05:00  INFO 73254 --- [TaskManagerAPIThymeleaf] [restartedMain] o.h.c.internal.RegionFactoryInitiator    : HHH000026: Second-level cache disabled
2025-02-19T06:59:56.028-05:00  INFO 73254 --- [TaskManagerAPIThymeleaf] [restartedMain] o.s.o.j.p.SpringPersistenceUnitInfo      : No LoadTimeWeaver setup: ignoring JPA class transformer
2025-02-19T06:59:56.054-05:00  INFO 73254 --- [TaskManagerAPIThymeleaf] [restartedMain] com.zaxxer.hikari.HikariDataSource       : HikariPool-1 - Starting...
2025-02-19T06:59:56.414-05:00  INFO 73254 --- [TaskManagerAPIThymeleaf] [restartedMain] com.zaxxer.hikari.pool.HikariPool        : HikariPool-1 - Added connection com.mysql.cj.jdbc.ConnectionImpl@17b02ace
2025-02-19T06:59:56.416-05:00  INFO 73254 --- [TaskManagerAPIThymeleaf] [restartedMain] com.zaxxer.hikari.HikariDataSource       : HikariPool-1 - Start completed.
2025-02-19T06:59:56.495-05:00  INFO 73254 --- [TaskManagerAPIThymeleaf] [restartedMain] org.hibernate.orm.connections.pooling    : HHH10001005: Database info:
	Database JDBC URL [Connecting through datasource 'HikariDataSource (HikariPool-1)']
	Database driver: undefined/unknown
	Database version: 8.0.41
	Autocommit mode: undefined/unknown
	Isolation level: undefined/unknown
	Minimum pool size: undefined/unknown
	Maximum pool size: undefined/unknown
2025-02-19T06:59:57.292-05:00  INFO 73254 --- [TaskManagerAPIThymeleaf] [restartedMain] o.h.e.t.j.p.i.JtaPlatformInitiator       : HHH000489: No JTA platform available (set 'hibernate.transaction.jta.platform' to enable JTA platform integration)
2025-02-19T06:59:57.338-05:00  INFO 73254 --- [TaskManagerAPIThymeleaf] [restartedMain] j.LocalContainerEntityManagerFactoryBean : Initialized JPA EntityManagerFactory for persistence unit 'default'
2025-02-19T06:59:57.636-05:00  INFO 73254 --- [TaskManagerAPIThymeleaf] [restartedMain] o.s.d.j.r.query.QueryEnhancerFactory     : Hibernate is in classpath; If applicable, HQL parser will be used.
2025-02-19T06:59:58.132-05:00  WARN 73254 --- [TaskManagerAPIThymeleaf] [restartedMain] JpaBaseConfiguration$JpaWebConfiguration : spring.jpa.open-in-view is enabled by default. Therefore, database queries may be performed during view rendering. Explicitly configure spring.jpa.open-in-view to disable this warning
2025-02-19T06:59:58.152-05:00  INFO 73254 --- [TaskManagerAPIThymeleaf] [restartedMain] eAuthenticationProviderManagerConfigurer : Global AuthenticationManager configured with AuthenticationProvider bean with name authenticationProvider
2025-02-19T06:59:58.153-05:00  WARN 73254 --- [TaskManagerAPIThymeleaf] [restartedMain] r$InitializeUserDetailsManagerConfigurer : Global AuthenticationManager configured with an AuthenticationProvider bean. UserDetailsService beans will not be used by Spring Security for automatically configuring username/password login. Consider removing the AuthenticationProvider bean. Alternatively, consider using the UserDetailsService in a manually instantiated DaoAuthenticationProvider. If the current configuration is intentional, to turn off this warning, increase the logging level of 'org.springframework.security.config.annotation.authentication.configuration.InitializeUserDetailsBeanManagerConfigurer' to ERROR
2025-02-19T06:59:58.621-05:00  INFO 73254 --- [TaskManagerAPIThymeleaf] [restartedMain] o.s.b.d.a.OptionalLiveReloadServer       : LiveReload server is running on port 35729
2025-02-19T06:59:58.654-05:00  INFO 73254 --- [TaskManagerAPIThymeleaf] [restartedMain] o.s.b.w.embedded.tomcat.TomcatWebServer  : Tomcat started on port 8080 (http) with context path '/'
2025-02-19T06:59:58.663-05:00  INFO 73254 --- [TaskManagerAPIThymeleaf] [restartedMain] c.taskmanager.TaskManagerApiApplication  : Started TaskManagerApiApplication in 4.831 seconds (process running for 5.465)
2025-02-19T06:59:58.908-05:00  INFO 73254 --- [TaskManagerAPIThymeleaf] [http-nio-8080-exec-1] o.a.c.c.C.[Tomcat].[localhost].[/]       : Initializing Spring DispatcherServlet 'dispatcherServlet'
2025-02-19T06:59:58.909-05:00  INFO 73254 --- [TaskManagerAPIThymeleaf] [http-nio-8080-exec-1] o.s.web.servlet.DispatcherServlet        : Initializing Servlet 'dispatcherServlet'
2025-02-19T06:59:58.910-05:00  INFO 73254 --- [TaskManagerAPIThymeleaf] [http-nio-8080-exec-1] o.s.web.servlet.DispatcherServlet        : Completed initialization in 1 ms
2025-02-19T07:00:30.746-05:00  INFO 73254 --- [TaskManagerAPIThymeleaf] [RMI TCP Connection(4)-127.0.0.1] inMXBeanRegistrar$SpringApplicationAdmin : Application shutdown requested.
2025-02-19T07:00:30.748-05:00  INFO 73254 --- [TaskManagerAPIThymeleaf] [RMI TCP Connection(4)-127.0.0.1] o.s.b.w.e.tomcat.GracefulShutdown        : Commencing graceful shutdown. Waiting for active requests to complete
2025-02-19T07:00:30.750-05:00  INFO 73254 --- [TaskManagerAPIThymeleaf] [tomcat-shutdown] o.s.b.w.e.tomcat.GracefulShutdown        : Graceful shutdown complete
2025-02-19T07:00:30.756-05:00  INFO 73254 --- [TaskManagerAPIThymeleaf] [RMI TCP Connection(4)-127.0.0.1] j.LocalContainerEntityManagerFactoryBean : Closing JPA EntityManagerFactory for persistence unit 'default'
2025-02-19T07:00:30.759-05:00  INFO 73254 --- [TaskManagerAPIThymeleaf] [RMI TCP Connection(4)-127.0.0.1] com.zaxxer.hikari.HikariDataSource       : HikariPool-1 - Shutdown initiated...
2025-02-19T07:00:30.765-05:00  INFO 73254 --- [TaskManagerAPIThymeleaf] [RMI TCP Connection(4)-127.0.0.1] com.zaxxer.hikari.HikariDataSource       : HikariPool-1 - Shutdown completed.
2025-02-19T07:00:32.563-05:00  INFO 74545 --- [TaskManagerAPIThymeleaf] [restartedMain] c.taskmanager.TaskManagerApiApplication  : Starting TaskManagerApiApplication using Java 21.0.6 with PID 74545 (/home/mranderson8418/Documents/GitHub/TaskManagerAPI-Thymeleaf/target/classes started by mranderson8418 in /home/mranderson8418/Documents/GitHub/TaskManagerAPI-Thymeleaf)
2025-02-19T07:00:32.565-05:00  INFO 74545 --- [TaskManagerAPIThymeleaf] [restartedMain] c.taskmanager.TaskManagerApiApplication  : No active profile set, falling back to 1 default profile: "default"
2025-02-19T07:00:32.609-05:00  INFO 74545 --- [TaskManagerAPIThymeleaf] [restartedMain] .e.DevToolsPropertyDefaultsPostProcessor : Devtools property defaults active! Set 'spring.devtools.add-properties' to 'false' to disable
2025-02-19T07:00:32.609-05:00  INFO 74545 --- [TaskManagerAPIThymeleaf] [restartedMain] .e.DevToolsPropertyDefaultsPostProcessor : For additional web related logging consider setting the 'logging.level.web' property to 'DEBUG'
2025-02-19T07:00:33.275-05:00  INFO 74545 --- [TaskManagerAPIThymeleaf] [restartedMain] .s.d.r.c.RepositoryConfigurationDelegate : Bootstrapping Spring Data JPA repositories in DEFAULT mode.
2025-02-19T07:00:33.332-05:00  INFO 74545 --- [TaskManagerAPIThymeleaf] [restartedMain] .s.d.r.c.RepositoryConfigurationDelegate : Finished Spring Data repository scanning in 48 ms. Found 2 JPA repository interfaces.
2025-02-19T07:00:33.874-05:00  INFO 74545 --- [TaskManagerAPIThymeleaf] [restartedMain] o.s.b.w.embedded.tomcat.TomcatWebServer  : Tomcat initialized with port 8080 (http)
2025-02-19T07:00:33.887-05:00  INFO 74545 --- [TaskManagerAPIThymeleaf] [restartedMain] o.apache.catalina.core.StandardService   : Starting service [Tomcat]
2025-02-19T07:00:33.887-05:00  INFO 74545 --- [TaskManagerAPIThymeleaf] [restartedMain] o.apache.catalina.core.StandardEngine    : Starting Servlet engine: [Apache Tomcat/10.1.34]
2025-02-19T07:00:33.922-05:00  INFO 74545 --- [TaskManagerAPIThymeleaf] [restartedMain] o.a.c.c.C.[Tomcat].[localhost].[/]       : Initializing Spring embedded WebApplicationContext
2025-02-19T07:00:33.922-05:00  INFO 74545 --- [TaskManagerAPIThymeleaf] [restartedMain] w.s.c.ServletWebServerApplicationContext : Root WebApplicationContext: initialization completed in 1312 ms
2025-02-19T07:00:34.063-05:00  INFO 74545 --- [TaskManagerAPIThymeleaf] [restartedMain] o.hibernate.jpa.internal.util.LogHelper  : HHH000204: Processing PersistenceUnitInfo [name: default]
2025-02-19T07:00:34.108-05:00  INFO 74545 --- [TaskManagerAPIThymeleaf] [restartedMain] org.hibernate.Version                    : HHH000412: Hibernate ORM core version 6.6.5.Final
2025-02-19T07:00:34.135-05:00  INFO 74545 --- [TaskManagerAPIThymeleaf] [restartedMain] o.h.c.internal.RegionFactoryInitiator    : HHH000026: Second-level cache disabled
2025-02-19T07:00:34.374-05:00  INFO 74545 --- [TaskManagerAPIThymeleaf] [restartedMain] o.s.o.j.p.SpringPersistenceUnitInfo      : No LoadTimeWeaver setup: ignoring JPA class transformer
2025-02-19T07:00:34.402-05:00  INFO 74545 --- [TaskManagerAPIThymeleaf] [restartedMain] com.zaxxer.hikari.HikariDataSource       : HikariPool-1 - Starting...
2025-02-19T07:00:34.769-05:00  INFO 74545 --- [TaskManagerAPIThymeleaf] [restartedMain] com.zaxxer.hikari.pool.HikariPool        : HikariPool-1 - Added connection com.mysql.cj.jdbc.ConnectionImpl@11f6a06a
2025-02-19T07:00:34.771-05:00  INFO 74545 --- [TaskManagerAPIThymeleaf] [restartedMain] com.zaxxer.hikari.HikariDataSource       : HikariPool-1 - Start completed.
2025-02-19T07:00:34.852-05:00  INFO 74545 --- [TaskManagerAPIThymeleaf] [restartedMain] org.hibernate.orm.connections.pooling    : HHH10001005: Database info:
	Database JDBC URL [Connecting through datasource 'HikariDataSource (HikariPool-1)']
	Database driver: undefined/unknown
	Database version: 8.0.41
	Autocommit mode: undefined/unknown
	Isolation level: undefined/unknown
	Minimum pool size: undefined/unknown
	Maximum pool size: undefined/unknown
2025-02-19T07:00:35.624-05:00  INFO 74545 --- [TaskManagerAPIThymeleaf] [restartedMain] o.h.e.t.j.p.i.JtaPlatformInitiator       : HHH000489: No JTA platform available (set 'hibernate.transaction.jta.platform' to enable JTA platform integration)
2025-02-19T07:00:35.668-05:00  INFO 74545 --- [TaskManagerAPIThymeleaf] [restartedMain] j.LocalContainerEntityManagerFactoryBean : Initialized JPA EntityManagerFactory for persistence unit 'default'
2025-02-19T07:00:35.945-05:00  INFO 74545 --- [TaskManagerAPIThymeleaf] [restartedMain] o.s.d.j.r.query.QueryEnhancerFactory     : Hibernate is in classpath; If applicable, HQL parser will be used.
2025-02-19T07:00:36.523-05:00  WARN 74545 --- [TaskManagerAPIThymeleaf] [restartedMain] JpaBaseConfiguration$JpaWebConfiguration : spring.jpa.open-in-view is enabled by default. Therefore, database queries may be performed during view rendering. Explicitly configure spring.jpa.open-in-view to disable this warning
2025-02-19T07:00:36.537-05:00  INFO 74545 --- [TaskManagerAPIThymeleaf] [restartedMain] eAuthenticationProviderManagerConfigurer : Global AuthenticationManager configured with AuthenticationProvider bean with name authenticationProvider
2025-02-19T07:00:36.538-05:00  WARN 74545 --- [TaskManagerAPIThymeleaf] [restartedMain] r$InitializeUserDetailsManagerConfigurer : Global AuthenticationManager configured with an AuthenticationProvider bean. UserDetailsService beans will not be used by Spring Security for automatically configuring username/password login. Consider removing the AuthenticationProvider bean. Alternatively, consider using the UserDetailsService in a manually instantiated DaoAuthenticationProvider. If the current configuration is intentional, to turn off this warning, increase the logging level of 'org.springframework.security.config.annotation.authentication.configuration.InitializeUserDetailsBeanManagerConfigurer' to ERROR
2025-02-19T07:00:37.024-05:00  INFO 74545 --- [TaskManagerAPIThymeleaf] [restartedMain] o.s.b.d.a.OptionalLiveReloadServer       : LiveReload server is running on port 35729
2025-02-19T07:00:37.060-05:00  INFO 74545 --- [TaskManagerAPIThymeleaf] [restartedMain] o.s.b.w.embedded.tomcat.TomcatWebServer  : Tomcat started on port 8080 (http) with context path '/'
2025-02-19T07:00:37.069-05:00  INFO 74545 --- [TaskManagerAPIThymeleaf] [restartedMain] c.taskmanager.TaskManagerApiApplication  : Started TaskManagerApiApplication in 4.892 seconds (process running for 5.552)
2025-02-19T07:00:38.296-05:00  INFO 74545 --- [TaskManagerAPIThymeleaf] [http-nio-8080-exec-1] o.a.c.c.C.[Tomcat].[localhost].[/]       : Initializing Spring DispatcherServlet 'dispatcherServlet'
2025-02-19T07:00:38.296-05:00  INFO 74545 --- [TaskManagerAPIThymeleaf] [http-nio-8080-exec-1] o.s.web.servlet.DispatcherServlet        : Initializing Servlet 'dispatcherServlet'
2025-02-19T07:00:38.298-05:00  INFO 74545 --- [TaskManagerAPIThymeleaf] [http-nio-8080-exec-1] o.s.web.servlet.DispatcherServlet        : Completed initialization in 1 ms
2025-02-19T07:02:27.630-05:00  INFO 74545 --- [TaskManagerAPIThymeleaf] [RMI TCP Connection(5)-127.0.0.1] inMXBeanRegistrar$SpringApplicationAdmin : Application shutdown requested.
2025-02-19T07:02:27.634-05:00  INFO 74545 --- [TaskManagerAPIThymeleaf] [RMI TCP Connection(5)-127.0.0.1] o.s.b.w.e.tomcat.GracefulShutdown        : Commencing graceful shutdown. Waiting for active requests to complete
2025-02-19T07:02:27.637-05:00  INFO 74545 --- [TaskManagerAPIThymeleaf] [tomcat-shutdown] o.s.b.w.e.tomcat.GracefulShutdown        : Graceful shutdown complete
2025-02-19T07:02:27.643-05:00  INFO 74545 --- [TaskManagerAPIThymeleaf] [RMI TCP Connection(5)-127.0.0.1] j.LocalContainerEntityManagerFactoryBean : Closing JPA EntityManagerFactory for persistence unit 'default'
2025-02-19T07:02:27.646-05:00  INFO 74545 --- [TaskManagerAPIThymeleaf] [RMI TCP Connection(5)-127.0.0.1] com.zaxxer.hikari.HikariDataSource       : HikariPool-1 - Shutdown initiated...
2025-02-19T07:02:27.653-05:00  INFO 74545 --- [TaskManagerAPIThymeleaf] [RMI TCP Connection(5)-127.0.0.1] com.zaxxer.hikari.HikariDataSource       : HikariPool-1 - Shutdown completed.
2025-02-19T07:02:29.529-05:00  INFO 74774 --- [TaskManagerAPIThymeleaf] [restartedMain] c.taskmanager.TaskManagerApiApplication  : Starting TaskManagerApiApplication using Java 21.0.6 with PID 74774 (/home/mranderson8418/Documents/GitHub/TaskManagerAPI-Thymeleaf/target/classes started by mranderson8418 in /home/mranderson8418/Documents/GitHub/TaskManagerAPI-Thymeleaf)
2025-02-19T07:02:29.530-05:00  INFO 74774 --- [TaskManagerAPIThymeleaf] [restartedMain] c.taskmanager.TaskManagerApiApplication  : No active profile set, falling back to 1 default profile: "default"
2025-02-19T07:02:29.571-05:00  INFO 74774 --- [TaskManagerAPIThymeleaf] [restartedMain] .e.DevToolsPropertyDefaultsPostProcessor : Devtools property defaults active! Set 'spring.devtools.add-properties' to 'false' to disable
2025-02-19T07:02:29.572-05:00  INFO 74774 --- [TaskManagerAPIThymeleaf] [restartedMain] .e.DevToolsPropertyDefaultsPostProcessor : For additional web related logging consider setting the 'logging.level.web' property to 'DEBUG'
2025-02-19T07:02:30.241-05:00  INFO 74774 --- [TaskManagerAPIThymeleaf] [restartedMain] .s.d.r.c.RepositoryConfigurationDelegate : Bootstrapping Spring Data JPA repositories in DEFAULT mode.
2025-02-19T07:02:30.294-05:00  INFO 74774 --- [TaskManagerAPIThymeleaf] [restartedMain] .s.d.r.c.RepositoryConfigurationDelegate : Finished Spring Data repository scanning in 45 ms. Found 2 JPA repository interfaces.
2025-02-19T07:02:30.798-05:00  INFO 74774 --- [TaskManagerAPIThymeleaf] [restartedMain] o.s.b.w.embedded.tomcat.TomcatWebServer  : Tomcat initialized with port 8080 (http)
2025-02-19T07:02:30.811-05:00  INFO 74774 --- [TaskManagerAPIThymeleaf] [restartedMain] o.apache.catalina.core.StandardService   : Starting service [Tomcat]
2025-02-19T07:02:30.811-05:00  INFO 74774 --- [TaskManagerAPIThymeleaf] [restartedMain] o.apache.catalina.core.StandardEngine    : Starting Servlet engine: [Apache Tomcat/10.1.34]
2025-02-19T07:02:30.852-05:00  INFO 74774 --- [TaskManagerAPIThymeleaf] [restartedMain] o.a.c.c.C.[Tomcat].[localhost].[/]       : Initializing Spring embedded WebApplicationContext
2025-02-19T07:02:30.852-05:00  INFO 74774 --- [TaskManagerAPIThymeleaf] [restartedMain] w.s.c.ServletWebServerApplicationContext : Root WebApplicationContext: initialization completed in 1280 ms
2025-02-19T07:02:31.002-05:00  INFO 74774 --- [TaskManagerAPIThymeleaf] [restartedMain] o.hibernate.jpa.internal.util.LogHelper  : HHH000204: Processing PersistenceUnitInfo [name: default]
2025-02-19T07:02:31.048-05:00  INFO 74774 --- [TaskManagerAPIThymeleaf] [restartedMain] org.hibernate.Version                    : HHH000412: Hibernate ORM core version 6.6.5.Final
2025-02-19T07:02:31.077-05:00  INFO 74774 --- [TaskManagerAPIThymeleaf] [restartedMain] o.h.c.internal.RegionFactoryInitiator    : HHH000026: Second-level cache disabled
2025-02-19T07:02:31.317-05:00  INFO 74774 --- [TaskManagerAPIThymeleaf] [restartedMain] o.s.o.j.p.SpringPersistenceUnitInfo      : No LoadTimeWeaver setup: ignoring JPA class transformer
2025-02-19T07:02:31.346-05:00  INFO 74774 --- [TaskManagerAPIThymeleaf] [restartedMain] com.zaxxer.hikari.HikariDataSource       : HikariPool-1 - Starting...
2025-02-19T07:02:31.699-05:00  INFO 74774 --- [TaskManagerAPIThymeleaf] [restartedMain] com.zaxxer.hikari.pool.HikariPool        : HikariPool-1 - Added connection com.mysql.cj.jdbc.ConnectionImpl@19f1b248
2025-02-19T07:02:31.701-05:00  INFO 74774 --- [TaskManagerAPIThymeleaf] [restartedMain] com.zaxxer.hikari.HikariDataSource       : HikariPool-1 - Start completed.
2025-02-19T07:02:31.778-05:00  INFO 74774 --- [TaskManagerAPIThymeleaf] [restartedMain] org.hibernate.orm.connections.pooling    : HHH10001005: Database info:
	Database JDBC URL [Connecting through datasource 'HikariDataSource (HikariPool-1)']
	Database driver: undefined/unknown
	Database version: 8.0.41
	Autocommit mode: undefined/unknown
	Isolation level: undefined/unknown
	Minimum pool size: undefined/unknown
	Maximum pool size: undefined/unknown
2025-02-19T07:02:32.557-05:00  INFO 74774 --- [TaskManagerAPIThymeleaf] [restartedMain] o.h.e.t.j.p.i.JtaPlatformInitiator       : HHH000489: No JTA platform available (set 'hibernate.transaction.jta.platform' to enable JTA platform integration)
2025-02-19T07:02:32.602-05:00  INFO 74774 --- [TaskManagerAPIThymeleaf] [restartedMain] j.LocalContainerEntityManagerFactoryBean : Initialized JPA EntityManagerFactory for persistence unit 'default'
2025-02-19T07:02:32.886-05:00  INFO 74774 --- [TaskManagerAPIThymeleaf] [restartedMain] o.s.d.j.r.query.QueryEnhancerFactory     : Hibernate is in classpath; If applicable, HQL parser will be used.
2025-02-19T07:02:33.394-05:00  WARN 74774 --- [TaskManagerAPIThymeleaf] [restartedMain] JpaBaseConfiguration$JpaWebConfiguration : spring.jpa.open-in-view is enabled by default. Therefore, database queries may be performed during view rendering. Explicitly configure spring.jpa.open-in-view to disable this warning
2025-02-19T07:02:33.409-05:00  INFO 74774 --- [TaskManagerAPIThymeleaf] [restartedMain] eAuthenticationProviderManagerConfigurer : Global AuthenticationManager configured with AuthenticationProvider bean with name authenticationProvider
2025-02-19T07:02:33.410-05:00  WARN 74774 --- [TaskManagerAPIThymeleaf] [restartedMain] r$InitializeUserDetailsManagerConfigurer : Global AuthenticationManager configured with an AuthenticationProvider bean. UserDetailsService beans will not be used by Spring Security for automatically configuring username/password login. Consider removing the AuthenticationProvider bean. Alternatively, consider using the UserDetailsService in a manually instantiated DaoAuthenticationProvider. If the current configuration is intentional, to turn off this warning, increase the logging level of 'org.springframework.security.config.annotation.authentication.configuration.InitializeUserDetailsBeanManagerConfigurer' to ERROR
2025-02-19T07:02:33.910-05:00  INFO 74774 --- [TaskManagerAPIThymeleaf] [restartedMain] o.s.b.d.a.OptionalLiveReloadServer       : LiveReload server is running on port 35729
2025-02-19T07:02:33.945-05:00  INFO 74774 --- [TaskManagerAPIThymeleaf] [restartedMain] o.s.b.w.embedded.tomcat.TomcatWebServer  : Tomcat started on port 8080 (http) with context path '/'
2025-02-19T07:02:33.954-05:00  INFO 74774 --- [TaskManagerAPIThymeleaf] [restartedMain] c.taskmanager.TaskManagerApiApplication  : Started TaskManagerApiApplication in 4.804 seconds (process running for 5.422)
2025-02-19T07:02:50.359-05:00  INFO 74774 --- [TaskManagerAPIThymeleaf] [http-nio-8080-exec-1] o.a.c.c.C.[Tomcat].[localhost].[/]       : Initializing Spring DispatcherServlet 'dispatcherServlet'
2025-02-19T07:02:50.359-05:00  INFO 74774 --- [TaskManagerAPIThymeleaf] [http-nio-8080-exec-1] o.s.web.servlet.DispatcherServlet        : Initializing Servlet 'dispatcherServlet'
2025-02-19T07:02:50.360-05:00  INFO 74774 --- [TaskManagerAPIThymeleaf] [http-nio-8080-exec-1] o.s.web.servlet.DispatcherServlet        : Completed initialization in 1 ms
2025-02-19T07:04:51.181-05:00  INFO 74774 --- [TaskManagerAPIThymeleaf] [File Watcher] rtingClassPathChangeChangedEventListener : Restarting due to 80 class path changes (0 additions, 80 deletions, 0 modifications)
2025-02-19T07:04:51.185-05:00  INFO 74774 --- [TaskManagerAPIThymeleaf] [Thread-5] o.s.b.w.e.tomcat.GracefulShutdown        : Commencing graceful shutdown. Waiting for active requests to complete
2025-02-19T07:04:51.187-05:00  INFO 74774 --- [TaskManagerAPIThymeleaf] [tomcat-shutdown] o.s.b.w.e.tomcat.GracefulShutdown        : Graceful shutdown complete
2025-02-19T07:04:51.192-05:00  INFO 74774 --- [TaskManagerAPIThymeleaf] [Thread-5] j.LocalContainerEntityManagerFactoryBean : Closing JPA EntityManagerFactory for persistence unit 'default'
2025-02-19T07:04:51.195-05:00  INFO 74774 --- [TaskManagerAPIThymeleaf] [Thread-5] com.zaxxer.hikari.HikariDataSource       : HikariPool-1 - Shutdown initiated...
2025-02-19T07:04:51.201-05:00  INFO 74774 --- [TaskManagerAPIThymeleaf] [Thread-5] com.zaxxer.hikari.HikariDataSource       : HikariPool-1 - Shutdown completed.
